<?xml version="1.0"?><coverage lines-covered="475" lines-valid="902" line-rate="0.5266075388026608" branches-covered="0" branches-valid="0" branch-rate="0" complexity="0" version="1.9" timestamp="1753230328"><sources><source>/home/osobh/projects/exorust</source></sources><packages><package name="crates/cuda" line-rate="0" branch-rate="0" complexity="0"><classes></classes></package><package name="crates/synthesis/src" line-rate="0" branch-rate="0" complexity="0"><classes></classes></package><package name="crates/agent-core/src" line-rate="0" branch-rate="0" complexity="0"><classes><class name="memory" filename="crates/agent-core/src/memory.rs" line-rate="0" branch-rate="0" complexity="0"><methods/><lines><line number="186" hits="0"/><line number="188" hits="0"/><line number="189" hits="0"/><line number="190" hits="0"/><line number="191" hits="0"/><line number="195" hits="0"/><line number="377" hits="0"/><line number="378" hits="0"/><line number="380" hits="0"/></lines></class></classes></package><package name="crates/streaming/src/processors" line-rate="0" branch-rate="0" complexity="0"><classes></classes></package><package name="crates/knowledge-graph/src" line-rate="0" branch-rate="0" complexity="0"><classes></classes></package><package name="crates/storage/src" line-rate="0" branch-rate="0" complexity="0"><classes><class name="benchmarks" filename="crates/storage/src/benchmarks.rs" line-rate="0" branch-rate="0" complexity="0"><methods/><lines><line number="94" hits="0"/><line number="95" hits="0"/><line number="98" hits="0"/><line number="99" hits="0"/><line number="100" hits="0"/><line number="104" hits="0"/><line number="106" hits="0"/><line number="107" hits="0"/><line number="108" hits="0"/><line number="109" hits="0"/><line number="110" hits="0"/><line number="113" hits="0"/><line number="114" hits="0"/><line number="115" hits="0"/><line number="116" hits="0"/><line number="117" hits="0"/><line number="126" hits="0"/><line number="127" hits="0"/><line number="130" hits="0"/><line number="131" hits="0"/><line number="132" hits="0"/><line number="136" hits="0"/><line number="137" hits="0"/><line number="138" hits="0"/><line number="139" hits="0"/><line number="141" hits="0"/><line number="142" hits="0"/><line number="146" hits="0"/><line number="148" hits="0"/><line number="149" hits="0"/><line number="150" hits="0"/><line number="151" hits="0"/><line number="152" hits="0"/><line number="155" hits="0"/><line number="156" hits="0"/><line number="157" hits="0"/><line number="158" hits="0"/><line number="159" hits="0"/><line number="168" hits="0"/><line number="169" hits="0"/><line number="171" hits="0"/><line number="172" hits="0"/><line number="174" hits="0"/><line number="175" hits="0"/><line number="176" hits="0"/><line number="177" hits="0"/><line number="179" hits="0"/><line number="180" hits="0"/><line number="182" hits="0"/><line number="183" hits="0"/><line number="184" hits="0"/><line number="185" hits="0"/><line number="186" hits="0"/><line number="189" hits="0"/><line number="192" hits="0"/><line number="195" hits="0"/><line number="197" hits="0"/><line number="198" hits="0"/><line number="199" hits="0"/><line number="201" hits="0"/><line number="204" hits="0"/><line number="205" hits="0"/><line number="206" hits="0"/><line number="207" hits="0"/><line number="208" hits="0"/><line number="217" hits="0"/><line number="218" hits="0"/><line number="221" hits="0"/><line number="222" hits="0"/><line number="223" hits="0"/><line number="227" hits="0"/><line number="229" hits="0"/><line number="230" hits="0"/><line number="232" hits="0"/><line number="234" hits="0"/><line number="235" hits="0"/><line number="238" hits="0"/><line number="239" hits="0"/><line number="242" hits="0"/><line number="245" hits="0"/><line number="246" hits="0"/><line number="247" hits="0"/><line number="248" hits="0"/><line number="249" hits="0"/><line number="259" hits="0"/><line number="261" hits="0"/><line number="262" hits="0"/><line number="264" hits="0"/><line number="265" hits="0"/><line number="267" hits="0"/><line number="268" hits="0"/><line number="270" hits="0"/><line number="271" hits="0"/><line number="273" hits="0"/><line number="274" hits="0"/><line number="275" hits="0"/><line number="276" hits="0"/><line number="277" hits="0"/><line number="278" hits="0"/><line number="279" hits="0"/></lines></class><class name="graph_csr" filename="crates/storage/src/graph_csr.rs" line-rate="0" branch-rate="0" complexity="0"><methods/><lines><line number="150" hits="0"/><line number="151" hits="0"/><line number="152" hits="0"/><line number="156" hits="0"/><line number="157" hits="0"/><line number="158" hits="0"/><line number="159" hits="0"/><line number="162" hits="0"/><line number="163" hits="0"/></lines></class></classes></package><package name="crates/monitoring/src/metrics" line-rate="0" branch-rate="0" complexity="0"><classes><class name="collector" filename="crates/monitoring/src/metrics/collector.rs" line-rate="0" branch-rate="0" complexity="0"><methods/><lines><line number="18" hits="0"/><line number="19" hits="0"/><line number="35" hits="0"/><line number="36" hits="0"/></lines></class><class name="types" filename="crates/monitoring/src/metrics/types.rs" line-rate="0" branch-rate="0" complexity="0"><methods/><lines><line number="49" hits="0"/><line number="51" hits="0"/><line number="54" hits="0"/><line number="60" hits="0"/><line number="62" hits="0"/><line number="65" hits="0"/><line number="71" hits="0"/><line number="73" hits="0"/><line number="76" hits="0"/><line number="82" hits="0"/><line number="83" hits="0"/><line number="84" hits="0"/></lines></class></classes></package><package name="crates/streaming/src/sinks" line-rate="0" branch-rate="0" complexity="0"><classes></classes></package><package name="crates/memory/src" line-rate="0" branch-rate="0" complexity="0"><classes></classes></package><package name="crates/fault-tolerance/src" line-rate="0" branch-rate="0" complexity="0"><classes><class name="checkpoint" filename="crates/fault-tolerance/src/checkpoint.rs" line-rate="0" branch-rate="0" complexity="0"><methods/><lines><line number="100" hits="0"/><line number="101" hits="0"/><line number="102" hits="0"/><line number="103" hits="0"/><line number="104" hits="0"/></lines></class></classes></package><package name="crates/cuda/src" line-rate="0" branch-rate="0" complexity="0"><classes><class name="kernel" filename="crates/cuda/src/kernel.rs" line-rate="0" branch-rate="0" complexity="0"><methods/><lines><line number="141" hits="0"/><line number="144" hits="0"/><line number="145" hits="0"/><line number="146" hits="0"/><line number="147" hits="0"/><line number="148" hits="0"/><line number="152" hits="0"/><line number="153" hits="0"/><line number="154" hits="0"/><line number="155" hits="0"/><line number="156" hits="0"/><line number="157" hits="0"/><line number="158" hits="0"/><line number="163" hits="0"/><line number="164" hits="0"/></lines></class></classes></package><package name="crates/evolution-streaming/src/mutation" line-rate="0" branch-rate="0" complexity="0"><classes></classes></package><package name="crates/integration-tests/src" line-rate="0" branch-rate="0" complexity="0"><classes></classes></package><package name="crates/streaming/src" line-rate="0" branch-rate="0" complexity="0"><classes><class name="core" filename="crates/streaming/src/core.rs" line-rate="0" branch-rate="0" complexity="0"><methods/><lines><line number="40" hits="0"/><line number="41" hits="0"/><line number="42" hits="0"/><line number="44" hits="0"/><line number="61" hits="0"/><line number="62" hits="0"/><line number="63" hits="0"/><line number="65" hits="0"/></lines></class></classes></package><package name="crates/debug/src" line-rate="0" branch-rate="0" complexity="0"><classes></classes></package><package name="crates/consensus/src" line-rate="0.7864238410596026" branch-rate="0" complexity="0"><classes><class name="leader" filename="crates/consensus/src/leader.rs" line-rate="0.907563025210084" branch-rate="0" complexity="0"><methods/><lines><line number="76" hits="12"/><line number="82" hits="3"/><line number="83" hits="12"/><line number="88" hits="12"/><line number="89" hits="12"/><line number="96" hits="0"/><line number="97" hits="0"/><line number="101" hits="1"/><line number="102" hits="1"/><line number="106" hits="1"/><line number="107" hits="1"/><line number="111" hits="1"/><line number="112" hits="1"/><line number="116" hits="1"/><line number="117" hits="1"/><line number="121" hits="1"/><line number="122" hits="1"/><line number="123" hits="1"/><line number="124" hits="1"/><line number="125" hits="1"/><line number="130" hits="1"/><line number="131" hits="1"/><line number="132" hits="2"/><line number="133" hits="1"/><line number="139" hits="2"/><line number="140" hits="2"/><line number="141" hits="2"/><line number="142" hits="2"/><line number="143" hits="2"/><line number="147" hits="6"/><line number="153" hits="1"/><line number="154" hits="1"/><line number="155" hits="2"/><line number="162" hits="5"/><line number="167" hits="5"/><line number="168" hits="3"/><line number="175" hits="1"/><line number="181" hits="2"/><line number="190" hits="0"/><line number="200" hits="3"/><line number="206" hits="3"/><line number="207" hits="1"/><line number="208" hits="1"/><line number="210" hits="1"/><line number="215" hits="4"/><line number="216" hits="2"/><line number="217" hits="2"/><line number="218" hits="1"/><line number="222" hits="2"/><line number="224" hits="4"/><line number="225" hits="2"/><line number="228" hits="2"/><line number="229" hits="1"/><line number="230" hits="1"/><line number="231" hits="2"/><line number="236" hits="1"/><line number="244" hits="1"/><line number="245" hits="2"/><line number="246" hits="1"/><line number="249" hits="1"/><line number="251" hits="2"/><line number="253" hits="2"/><line number="255" hits="1"/><line number="256" hits="1"/><line number="257" hits="1"/><line number="262" hits="0"/><line number="266" hits="2"/><line number="272" hits="2"/><line number="273" hits="1"/><line number="274" hits="1"/><line number="275" hits="1"/><line number="276" hits="1"/><line number="278" hits="1"/><line number="280" hits="1"/><line number="281" hits="1"/><line number="283" hits="1"/><line number="289" hits="1"/><line number="290" hits="1"/><line number="292" hits="1"/><line number="298" hits="0"/><line number="300" hits="0"/><line number="301" hits="0"/><line number="302" hits="0"/><line number="303" hits="0"/><line number="306" hits="0"/><line number="310" hits="2"/><line number="311" hits="2"/><line number="312" hits="2"/><line number="313" hits="2"/><line number="319" hits="4"/><line number="325" hits="2"/><line number="329" hits="1"/><line number="331" hits="1"/><line number="332" hits="1"/><line number="335" hits="1"/><line number="341" hits="1"/><line number="342" hits="2"/><line number="343" hits="1"/><line number="349" hits="1"/><line number="351" hits="0"/><line number="356" hits="1"/><line number="357" hits="1"/><line number="358" hits="1"/><line number="363" hits="1"/><line number="367" hits="1"/><line number="368" hits="1"/><line number="369" hits="2"/><line number="376" hits="1"/><line number="377" hits="1"/><line number="381" hits="1"/><line number="382" hits="1"/><line number="383" hits="1"/><line number="384" hits="1"/><line number="387" hits="2"/><line number="388" hits="1"/><line number="392" hits="1"/><line number="393" hits="1"/><line number="400" hits="1"/><line number="401" hits="1"/></lines></class><class name="protocol" filename="crates/consensus/src/protocol.rs" line-rate="0.3696969696969697" branch-rate="0" complexity="0"><methods/><lines><line number="31" hits="1"/><line number="33" hits="1"/><line number="34" hits="1"/><line number="35" hits="1"/><line number="37" hits="1"/><line number="38" hits="1"/><line number="163" hits="1"/><line number="170" hits="7"/><line number="171" hits="10"/><line number="175" hits="5"/><line number="176" hits="5"/><line number="179" hits="5"/><line number="181" hits="5"/><line number="183" hits="5"/><line number="185" hits="5"/><line number="186" hits="5"/><line number="187" hits="5"/><line number="188" hits="5"/><line number="193" hits="8"/><line number="194" hits="2"/><line number="195" hits="2"/><line number="197" hits="0"/><line number="202" hits="2"/><line number="206" hits="4"/><line number="207" hits="1"/><line number="208" hits="1"/><line number="210" hits="0"/><line number="215" hits="1"/><line number="219" hits="4"/><line number="220" hits="1"/><line number="221" hits="0"/><line number="222" hits="0"/><line number="224" hits="0"/><line number="225" hits="0"/><line number="227" hits="0"/><line number="228" hits="0"/><line number="230" hits="2"/><line number="231" hits="3"/><line number="233" hits="0"/><line number="234" hits="0"/><line number="236" hits="1"/><line number="237" hits="2"/><line number="239" hits="0"/><line number="240" hits="0"/><line number="242" hits="0"/><line number="243" hits="0"/><line number="249" hits="0"/><line number="250" hits="0"/><line number="253" hits="0"/><line number="256" hits="0"/><line number="258" hits="0"/><line number="259" hits="0"/><line number="263" hits="0"/><line number="265" hits="0"/><line number="266" hits="0"/><line number="267" hits="0"/><line number="270" hits="0"/><line number="271" hits="0"/><line number="273" hits="0"/><line number="274" hits="0"/><line number="278" hits="0"/><line number="282" hits="0"/><line number="283" hits="0"/><line number="284" hits="0"/><line number="286" hits="0"/><line number="287" hits="0"/><line number="288" hits="0"/><line number="289" hits="0"/><line number="290" hits="0"/><line number="293" hits="0"/><line number="296" hits="0"/><line number="297" hits="0"/><line number="298" hits="0"/><line number="299" hits="0"/><line number="300" hits="0"/><line number="304" hits="0"/><line number="308" hits="0"/><line number="317" hits="0"/><line number="318" hits="0"/><line number="319" hits="0"/><line number="324" hits="0"/><line number="325" hits="0"/><line number="328" hits="0"/><line number="331" hits="0"/><line number="335" hits="0"/><line number="336" hits="0"/><line number="339" hits="0"/><line number="342" hits="0"/><line number="343" hits="0"/><line number="347" hits="0"/><line number="348" hits="0"/><line number="349" hits="0"/><line number="350" hits="0"/><line number="351" hits="0"/><line number="354" hits="0"/><line number="357" hits="0"/><line number="361" hits="1"/><line number="369" hits="1"/><line number="373" hits="2"/><line number="374" hits="2"/><line number="380" hits="2"/><line number="381" hits="2"/><line number="384" hits="1"/><line number="385" hits="2"/><line number="390" hits="2"/><line number="394" hits="2"/><line number="395" hits="1"/><line number="399" hits="0"/><line number="407" hits="0"/><line number="409" hits="0"/><line number="410" hits="0"/><line number="414" hits="1"/><line number="420" hits="2"/><line number="421" hits="1"/><line number="425" hits="0"/><line number="432" hits="0"/><line number="433" hits="0"/><line number="436" hits="0"/><line number="437" hits="0"/><line number="439" hits="0"/><line number="443" hits="0"/><line number="449" hits="0"/><line number="453" hits="0"/><line number="460" hits="0"/><line number="461" hits="0"/><line number="462" hits="0"/><line number="465" hits="0"/><line number="469" hits="0"/><line number="470" hits="0"/><line number="471" hits="0"/><line number="474" hits="0"/><line number="475" hits="0"/><line number="479" hits="0"/><line number="481" hits="0"/><line number="482" hits="0"/><line number="483" hits="0"/><line number="486" hits="0"/><line number="487" hits="0"/><line number="491" hits="0"/><line number="492" hits="0"/><line number="493" hits="0"/><line number="495" hits="0"/><line number="501" hits="0"/><line number="505" hits="4"/><line number="506" hits="3"/><line number="507" hits="2"/><line number="508" hits="0"/><line number="510" hits="1"/><line number="514" hits="1"/><line number="515" hits="1"/><line number="519" hits="1"/><line number="520" hits="1"/><line number="524" hits="0"/><line number="525" hits="0"/><line number="529" hits="0"/><line number="530" hits="0"/><line number="534" hits="0"/><line number="535" hits="0"/><line number="539" hits="1"/><line number="540" hits="1"/><line number="541" hits="1"/><line number="542" hits="1"/><line number="543" hits="1"/><line number="549" hits="1"/><line number="551" hits="1"/></lines></class><class name="sync" filename="crates/consensus/src/sync.rs" line-rate="0.9532710280373832" branch-rate="0" complexity="0"><methods/><lines><line number="70" hits="2"/><line number="74" hits="2"/><line number="75" hits="2"/><line number="76" hits="2"/><line number="78" hits="3"/><line number="83" hits="1"/><line number="84" hits="2"/><line number="88" hits="2"/><line number="89" hits="3"/><line number="93" hits="1"/><line number="94" hits="1"/><line number="96" hits="1"/><line number="97" hits="1"/><line number="100" hits="1"/><line number="101" hits="1"/><line number="105" hits="1"/><line number="106" hits="1"/><line number="107" hits="2"/><line number="111" hits="1"/><line number="112" hits="1"/><line number="114" hits="0"/><line number="117" hits="1"/><line number="121" hits="1"/><line number="125" hits="1"/><line number="126" hits="1"/><line number="127" hits="1"/><line number="131" hits="4"/><line number="132" hits="5"/><line number="133" hits="1"/><line number="136" hits="5"/><line number="137" hits="6"/><line number="140" hits="11"/><line number="142" hits="18"/><line number="145" hits="12"/><line number="148" hits="1"/><line number="149" hits="4"/><line number="151" hits="21"/><line number="152" hits="7"/><line number="156" hits="7"/><line number="159" hits="7"/><line number="160" hits="8"/><line number="164" hits="7"/><line number="167" hits="14"/><line number="168" hits="7"/><line number="169" hits="7"/><line number="172" hits="7"/><line number="176" hits="1"/><line number="178" hits="4"/><line number="179" hits="3"/><line number="180" hits="1"/><line number="184" hits="4"/><line number="185" hits="1"/><line number="186" hits="1"/><line number="191" hits="2"/><line number="192" hits="0"/><line number="193" hits="0"/><line number="198" hits="2"/><line number="201" hits="1"/><line number="203" hits="1"/><line number="207" hits="1"/><line number="213" hits="1"/><line number="214" hits="1"/><line number="219" hits="1"/><line number="220" hits="2"/><line number="222" hits="2"/><line number="223" hits="1"/><line number="224" hits="1"/><line number="225" hits="1"/><line number="226" hits="1"/><line number="228" hits="0"/><line number="233" hits="1"/><line number="234" hits="2"/><line number="237" hits="1"/><line number="241" hits="1"/><line number="242" hits="1"/><line number="243" hits="1"/><line number="246" hits="2"/><line number="247" hits="3"/><line number="252" hits="1"/><line number="253" hits="1"/><line number="255" hits="0"/><line number="260" hits="1"/><line number="261" hits="1"/><line number="262" hits="1"/><line number="265" hits="1"/><line number="268" hits="1"/><line number="269" hits="1"/><line number="270" hits="1"/><line number="271" hits="1"/><line number="276" hits="1"/><line number="277" hits="1"/><line number="278" hits="1"/><line number="279" hits="1"/><line number="283" hits="1"/><line number="284" hits="1"/><line number="288" hits="1"/><line number="289" hits="1"/><line number="293" hits="1"/><line number="294" hits="1"/><line number="298" hits="1"/><line number="299" hits="1"/><line number="303" hits="1"/><line number="304" hits="1"/><line number="308" hits="1"/><line number="309" hits="1"/><line number="312" hits="3"/><line number="315" hits="1"/></lines></class><class name="validator" filename="crates/consensus/src/validator.rs" line-rate="0.9468085106382979" branch-rate="0" complexity="0"><methods/><lines><line number="16" hits="11"/><line number="17" hits="12"/><line number="21" hits="1"/><line number="22" hits="1"/><line number="26" hits="12"/><line number="27" hits="12"/><line number="32" hits="0"/><line number="33" hits="0"/><line number="38" hits="1"/><line number="39" hits="1"/><line number="92" hits="3"/><line number="98" hits="3"/><line number="99" hits="1"/><line number="100" hits="1"/><line number="105" hits="3"/><line number="110" hits="3"/><line number="117" hits="4"/><line number="118" hits="4"/><line number="120" hits="4"/><line number="121" hits="8"/><line number="122" hits="4"/><line number="125" hits="4"/><line number="130" hits="5"/><line number="131" hits="1"/><line number="135" hits="1"/><line number="140" hits="1"/><line number="141" hits="2"/><line number="142" hits="2"/><line number="148" hits="4"/><line number="149" hits="1"/><line number="150" hits="1"/><line number="154" hits="5"/><line number="155" hits="7"/><line number="156" hits="3"/><line number="160" hits="2"/><line number="161" hits="2"/><line number="162" hits="1"/><line number="163" hits="1"/><line number="167" hits="1"/><line number="168" hits="1"/><line number="172" hits="1"/><line number="177" hits="2"/><line number="178" hits="1"/><line number="179" hits="1"/><line number="181" hits="0"/><line number="189" hits="1"/><line number="190" hits="2"/><line number="191" hits="1"/><line number="197" hits="2"/><line number="198" hits="1"/><line number="201" hits="1"/><line number="203" hits="0"/><line number="211" hits="1"/><line number="212" hits="1"/><line number="214" hits="2"/><line number="219" hits="1"/><line number="220" hits="2"/><line number="224" hits="1"/><line number="225" hits="1"/><line number="229" hits="1"/><line number="231" hits="1"/><line number="233" hits="2"/><line number="234" hits="2"/><line number="235" hits="1"/><line number="236" hits="1"/><line number="237" hits="1"/><line number="238" hits="1"/><line number="243" hits="1"/><line number="247" hits="1"/><line number="248" hits="2"/><line number="250" hits="2"/><line number="255" hits="1"/><line number="256" hits="1"/><line number="257" hits="1"/><line number="261" hits="1"/><line number="262" hits="1"/><line number="263" hits="1"/><line number="266" hits="1"/><line number="267" hits="1"/><line number="272" hits="2"/><line number="273" hits="1"/><line number="277" hits="1"/><line number="278" hits="3"/><line number="279" hits="1"/><line number="280" hits="3"/><line number="285" hits="1"/><line number="287" hits="0"/><line number="295" hits="1"/><line number="296" hits="1"/><line number="298" hits="2"/><line number="303" hits="1"/><line number="304" hits="1"/><line number="308" hits="1"/><line number="309" hits="1"/></lines></class><class name="voting" filename="crates/consensus/src/voting.rs" line-rate="0.9663865546218487" branch-rate="0" complexity="0"><methods/><lines><line number="16" hits="1"/><line number="17" hits="1"/><line number="21" hits="1"/><line number="22" hits="1"/><line number="26" hits="1"/><line number="27" hits="2"/><line number="32" hits="0"/><line number="33" hits="0"/><line number="38" hits="1"/><line number="39" hits="1"/><line number="73" hits="1"/><line number="85" hits="6"/><line number="94" hits="1"/><line number="95" hits="1"/><line number="99" hits="5"/><line number="101" hits="5"/><line number="148" hits="1"/><line number="156" hits="2"/><line number="160" hits="2"/><line number="161" hits="3"/><line number="170" hits="2"/><line number="171" hits="4"/><line number="175" hits="1"/><line number="176" hits="1"/><line number="180" hits="1"/><line number="181" hits="1"/><line number="185" hits="1"/><line number="190" hits="1"/><line number="191" hits="3"/><line number="192" hits="1"/><line number="194" hits="1"/><line number="198" hits="6"/><line number="200" hits="12"/><line number="201" hits="1"/><line number="202" hits="1"/><line number="207" hits="12"/><line number="208" hits="1"/><line number="209" hits="1"/><line number="214" hits="9"/><line number="215" hits="0"/><line number="216" hits="0"/><line number="221" hits="6"/><line number="222" hits="1"/><line number="223" hits="1"/><line number="224" hits="1"/><line number="225" hits="1"/><line number="230" hits="12"/><line number="233" hits="6"/><line number="235" hits="2"/><line number="239" hits="1"/><line number="240" hits="2"/><line number="244" hits="1"/><line number="245" hits="1"/><line number="249" hits="6"/><line number="250" hits="6"/><line number="252" hits="10"/><line number="253" hits="4"/><line number="257" hits="2"/><line number="258" hits="1"/><line number="262" hits="2"/><line number="263" hits="2"/><line number="269" hits="2"/><line number="273" hits="6"/><line number="274" hits="6"/><line number="275" hits="6"/><line number="279" hits="1"/><line number="280" hits="1"/><line number="281" hits="1"/><line number="285" hits="1"/><line number="286" hits="1"/><line number="288" hits="2"/><line number="289" hits="1"/><line number="290" hits="1"/><line number="294" hits="1"/><line number="298" hits="6"/><line number="299" hits="6"/><line number="301" hits="12"/><line number="302" hits="6"/><line number="303" hits="6"/><line number="304" hits="6"/><line number="309" hits="6"/><line number="313" hits="1"/><line number="314" hits="1"/><line number="316" hits="2"/><line number="317" hits="2"/><line number="318" hits="1"/><line number="319" hits="1"/><line number="324" hits="1"/><line number="328" hits="1"/><line number="329" hits="1"/><line number="331" hits="2"/><line number="332" hits="3"/><line number="333" hits="1"/><line number="335" hits="1"/><line number="342" hits="1"/><line number="343" hits="1"/><line number="347" hits="1"/><line number="348" hits="3"/><line number="349" hits="2"/><line number="354" hits="1"/><line number="355" hits="2"/><line number="359" hits="1"/><line number="360" hits="1"/><line number="362" hits="2"/><line number="363" hits="2"/><line number="364" hits="1"/><line number="366" hits="1"/><line number="367" hits="1"/><line number="368" hits="1"/><line number="369" hits="1"/><line number="371" hits="1"/><line number="372" hits="1"/><line number="373" hits="1"/><line number="375" hits="1"/><line number="376" hits="1"/><line number="377" hits="1"/><line number="382" hits="1"/><line number="383" hits="1"/><line number="384" hits="1"/></lines></class></classes></package><package name="crates/bootstrap/src" line-rate="0" branch-rate="0" complexity="0"><classes></classes></package><package name="crates/bootstrap/src/bin" line-rate="0" branch-rate="0" complexity="0"><classes></classes></package><package name="crates/evolution/src" line-rate="0" branch-rate="0" complexity="0"><classes></classes></package><package name="crates/streaming/src/sources" line-rate="0" branch-rate="0" complexity="0"><classes></classes></package><package name="crates/monitoring/src/tracer" line-rate="0" branch-rate="0" complexity="0"><classes><class name="span" filename="crates/monitoring/src/tracer/span.rs" line-rate="0" branch-rate="0" complexity="0"><methods/><lines><line number="101" hits="0"/><line number="102" hits="0"/></lines></class></classes></package><package name="crates/test-utils/src" line-rate="0" branch-rate="0" complexity="0"><classes><class name="lib" filename="crates/test-utils/src/lib.rs" line-rate="0" branch-rate="0" complexity="0"><methods/><lines><line number="20" hits="0"/><line number="22" hits="0"/><line number="23" hits="0"/><line number="24" hits="0"/><line number="29" hits="0"/><line number="30" hits="0"/><line number="31" hits="0"/><line number="36" hits="0"/><line number="37" hits="0"/><line number="38" hits="0"/><line number="43" hits="0"/><line number="45" hits="0"/><line number="46" hits="0"/><line number="47" hits="0"/><line number="51" hits="0"/><line number="52" hits="0"/><line number="53" hits="0"/><line number="54" hits="0"/><line number="56" hits="0"/><line number="64" hits="0"/><line number="65" hits="0"/><line number="66" hits="0"/><line number="67" hits="0"/><line number="69" hits="0"/><line number="74" hits="0"/><line number="75" hits="0"/><line number="79" hits="0"/><line number="80" hits="0"/><line number="93" hits="0"/><line number="94" hits="0"/><line number="99" hits="0"/><line number="100" hits="0"/><line number="105" hits="0"/><line number="107" hits="0"/><line number="109" hits="0"/><line number="111" hits="0"/><line number="112" hits="0"/><line number="116" hits="0"/><line number="119" hits="0"/><line number="130" hits="0"/><line number="131" hits="0"/><line number="134" hits="0"/><line number="135" hits="0"/><line number="136" hits="0"/><line number="140" hits="0"/><line number="143" hits="0"/><line number="159" hits="0"/><line number="160" hits="0"/><line number="161" hits="0"/><line number="162" hits="0"/><line number="163" hits="0"/><line number="164" hits="0"/><line number="165" hits="0"/><line number="167" hits="0"/><line number="169" hits="0"/></lines></class><class name="mutex_mock" filename="crates/test-utils/src/mutex_mock.rs" line-rate="0" branch-rate="0" complexity="0"><methods/><lines><line number="24" hits="0"/><line number="26" hits="0"/><line number="38" hits="0"/><line number="39" hits="0"/><line number="42" hits="0"/><line number="43" hits="0"/><line number="54" hits="0"/><line number="56" hits="0"/><line number="57" hits="0"/><line number="62" hits="0"/><line number="63" hits="0"/><line number="64" hits="0"/><line number="73" hits="0"/><line number="76" hits="0"/><line number="77" hits="0"/><line number="78" hits="0"/><line number="86" hits="0"/><line number="97" hits="0"/><line number="99" hits="0"/><line number="100" hits="0"/><line number="102" hits="0"/><line number="103" hits="0"/><line number="105" hits="0"/><line number="109" hits="0"/><line number="111" hits="0"/><line number="112" hits="0"/><line number="113" hits="0"/><line number="114" hits="0"/><line number="120" hits="0"/><line number="121" hits="0"/><line number="124" hits="0"/><line number="126" hits="0"/><line number="128" hits="0"/><line number="131" hits="0"/><line number="135" hits="0"/><line number="136" hits="0"/><line number="141" hits="0"/><line number="142" hits="0"/><line number="143" hits="0"/><line number="146" hits="0"/><line number="147" hits="0"/><line number="148" hits="0"/><line number="153" hits="0"/></lines></class></classes></package><package name="crates/evolution-streaming/src" line-rate="0" branch-rate="0" complexity="0"><classes></classes></package><package name="crates/integration-tests/tests" line-rate="0" branch-rate="0" complexity="0"><classes></classes></package><package name="crates/evolution-engines/src" line-rate="0" branch-rate="0" complexity="0"><classes><class name="population" filename="crates/evolution-engines/src/population.rs" line-rate="0" branch-rate="0" complexity="0"><methods/><lines><line number="21" hits="0"/><line number="23" hits="0"/><line number="30" hits="0"/><line number="32" hits="0"/><line number="34" hits="0"/><line number="50" hits="0"/><line number="52" hits="0"/><line number="58" hits="0"/><line number="66" hits="0"/><line number="67" hits="0"/><line number="71" hits="0"/><line number="72" hits="0"/><line number="76" hits="0"/><line number="77" hits="0"/><line number="79" hits="0"/><line number="80" hits="0"/><line number="81" hits="0"/><line number="82" hits="0"/><line number="83" hits="0"/><line number="84" hits="0"/><line number="85" hits="0"/><line number="90" hits="0"/><line number="91" hits="0"/><line number="92" hits="0"/><line number="94" hits="0"/><line number="97" hits="0"/><line number="98" hits="0"/><line number="99" hits="0"/><line number="100" hits="0"/><line number="101" hits="0"/><line number="102" hits="0"/><line number="105" hits="0"/><line number="109" hits="0"/><line number="110" hits="0"/><line number="115" hits="0"/><line number="116" hits="0"/></lines></class></classes></package><package name="crates/runtime/src" line-rate="0" branch-rate="0" complexity="0"><classes></classes></package><package name="crates/net/src" line-rate="0" branch-rate="0" complexity="0"><classes></classes></package><package name="crates/evolution-engines/tests" line-rate="0" branch-rate="0" complexity="0"><classes></classes></package><package name="crates/evolution-streaming/src/evaluation" line-rate="0" branch-rate="0" complexity="0"><classes></classes></package><package name="crates/knowledge-graph/benches" line-rate="0" branch-rate="0" complexity="0"><classes></classes></package><package name="crates/monitoring/src" line-rate="0" branch-rate="0" complexity="0"><classes></classes></package><package name="crates/monitoring/src/profiler" line-rate="0" branch-rate="0" complexity="0"><classes></classes></package><package name="crates/evolution-streaming/src/archive" line-rate="0" branch-rate="0" complexity="0"><classes></classes></package></packages></coverage>